fc1_nodes =  512
mini_batch_size =  128
Initial trainings
12-08 15: 08: 23: Training starting...
Episode 0: Mean reward last 50 episodes = 0.0, Epsilon = 1
12-08 15: 08: 24: New best reward  0.0 (9999999.0)
12-08 15: 08: 26: New best reward  1.0 (1.0)
12-08 15: 08: 29: New best reward  2.0 (1.0)
12-08 15: 09: 03: New best reward  3.0 (1.0)
Episode 50: Mean reward last 50 episodes = -0.22, Epsilon = 0.6050060671375365
Episode 100: Mean reward last 50 episodes = -0.04, Epsilon = 0.36603234127322926
12-08 15: 10: 23: New best reward  5.0 (2.0)
Episode 150: Mean reward last 50 episodes = 0.32, Epsilon = 0.22145178723886094
Episode 200: Mean reward last 50 episodes = -0.4, Epsilon = 0.13397967485796175
Episode 250: Mean reward last 50 episodes = -0.06, Epsilon = 0.08105851616218133
Episode 300: Mean reward last 50 episodes = 0.16, Epsilon = 0.04904089407128576
Episode 350: Mean reward last 50 episodes = 1.06, Epsilon = 0.029670038450977095
12-08 15: 14: 45: New best reward  7.0 (2.0)
Episode 400: Mean reward last 50 episodes = 0.62, Epsilon = 0.017950553275045134
Episode 450: Mean reward last 50 episodes = 1.6, Epsilon = 0.010860193639877886
Episode 500: Mean reward last 50 episodes = 0.8, Epsilon = 0.01
Episode 550: Mean reward last 50 episodes = 0.94, Epsilon = 0.01
Episode 600: Mean reward last 50 episodes = 0.56, Epsilon = 0.01
Episode 650: Mean reward last 50 episodes = 1.14, Epsilon = 0.01
Episode 700: Mean reward last 50 episodes = 1.16, Epsilon = 0.01
Episode 750: Mean reward last 50 episodes = 0.12, Epsilon = 0.01
Episode 800: Mean reward last 50 episodes = 0.64, Epsilon = 0.01
Episode 850: Mean reward last 50 episodes = -0.04, Epsilon = 0.01
Episode 900: Mean reward last 50 episodes = 0.58, Epsilon = 0.01
Episode 950: Mean reward last 50 episodes = -0.12, Epsilon = 0.01
Episode 1000: Mean reward last 50 episodes = 0.16, Epsilon = 0.01
Episode 1050: Mean reward last 50 episodes = 0.26, Epsilon = 0.01
Episode 1100: Mean reward last 50 episodes = 0.48, Epsilon = 0.01
Episode 1150: Mean reward last 50 episodes = 0.62, Epsilon = 0.01
Episode 1200: Mean reward last 50 episodes = 0.96, Epsilon = 0.01
Episode 1250: Mean reward last 50 episodes = 1.22, Epsilon = 0.01
12-08 15: 28: 52: New best reward  8.0 (1.0)
12-08 15: 28: 55: New best reward  10.0 (2.0)
Episode 1300: Mean reward last 50 episodes = 3.52, Epsilon = 0.01
Episode 1350: Mean reward last 50 episodes = 1.8, Epsilon = 0.01
12-08 15: 31: 06: New best reward  12.0 (2.0)
12-08 15: 31: 11: New best reward  15.0 (3.0)
Episode 1400: Mean reward last 50 episodes = 4.4, Epsilon = 0.01
Episode 1450: Mean reward last 50 episodes = 3.1, Epsilon = 0.01
Episode 1500: Mean reward last 50 episodes = 6.2, Epsilon = 0.01
12-08 15: 33: 41: New best reward  16.0 (1.0)
Episode 1550: Mean reward last 50 episodes = 6.88, Epsilon = 0.01
12-08 15: 34: 24: New best reward  21.0 (5.0)
Episode 1600: Mean reward last 50 episodes = 6.62, Epsilon = 0.01
Episode 1650: Mean reward last 50 episodes = 7.96, Epsilon = 0.01
Episode 1700: Mean reward last 50 episodes = 6.2, Epsilon = 0.01
Episode 1750: Mean reward last 50 episodes = 6.92, Epsilon = 0.01
Episode 1800: Mean reward last 50 episodes = 5.04, Epsilon = 0.01
Episode 1850: Mean reward last 50 episodes = 5.9, Epsilon = 0.01
Episode 1900: Mean reward last 50 episodes = 6.14, Epsilon = 0.01
Episode 1950: Mean reward last 50 episodes = 5.26, Epsilon = 0.01
Episode 2000: Mean reward last 50 episodes = 5.42, Epsilon = 0.01
Episode 2050: Mean reward last 50 episodes = 9.12, Epsilon = 0.01
Episode 2100: Mean reward last 50 episodes = 5.06, Epsilon = 0.01
Episode 2150: Mean reward last 50 episodes = 6.0, Epsilon = 0.01
Episode 2200: Mean reward last 50 episodes = 9.06, Epsilon = 0.01
Episode 2250: Mean reward last 50 episodes = 9.74, Epsilon = 0.01
Episode 2300: Mean reward last 50 episodes = 7.18, Epsilon = 0.01
Episode 2350: Mean reward last 50 episodes = 8.12, Epsilon = 0.01
Episode 2400: Mean reward last 50 episodes = 8.68, Epsilon = 0.01
Episode 2450: Mean reward last 50 episodes = 7.78, Epsilon = 0.01
Episode 2500: Mean reward last 50 episodes = 10.22, Epsilon = 0.01
Episode 2550: Mean reward last 50 episodes = 10.1, Epsilon = 0.01
Episode 2600: Mean reward last 50 episodes = 9.5, Epsilon = 0.01
Episode 2650: Mean reward last 50 episodes = 8.24, Epsilon = 0.01
Episode 2700: Mean reward last 50 episodes = 8.22, Epsilon = 0.01
Episode 2750: Mean reward last 50 episodes = 7.78, Epsilon = 0.01
Episode 2800: Mean reward last 50 episodes = 6.12, Epsilon = 0.01